<?xml version="1.0" encoding="UTF-8"?>
<!-- Generated by org.testng.reporters.JUnitReportReporter -->
<testsuite hostname="hp" name="testCases.VerifyLoginPageWithReports1" tests="1" failures="0" timestamp="4 Aug 2017 15:56:47 GMT" time="165.731" errors="0">
  <testcase name="testLoginPage" time="165.731" classname="testCases.VerifyLoginPageWithReports1"/>
</testsuite> <!-- testCases.VerifyLoginPageWithReports1 -->
