<?xml version="1.0" encoding="UTF-8"?>
<!-- Generated by org.testng.reporters.JUnitReportReporter -->
<testsuite hostname="hp" name="testCases.VerifyLoginPage" tests="1" failures="0" timestamp="4 Aug 2017 15:47:24 GMT" time="75.859" errors="0">
  <testcase name="testLoginPage" time="75.859" classname="testCases.VerifyLoginPage"/>
</testsuite> <!-- testCases.VerifyLoginPage -->
